<?xml version="1.0" encoding="UTF-8"?>
<testsuite name="tests.api.RequestTest" tests="3" skipped="0" failures="0" errors="0" timestamp="2024-03-24T13:44:33" hostname="192.168.1.10" time="2.325">
  <properties/>
  <testcase name="unSuccessfulLoginWithMissingEmailTest()" classname="tests.api.RequestTest" time="1.625"/>
  <testcase name="unSuccessfulLoginWithMissingPasswordTest()" classname="tests.api.RequestTest" time="0.23"/>
  <testcase name="unSuccessfulLoginWithEmptyDataTest()" classname="tests.api.RequestTest" time="0.432"/>
  <system-out><![CDATA[Request URI:	https://reqres.in/api/login
HTTP/1.1 400 Bad Request
{
    "error": "Missing email or username"
}
Request URI:	https://reqres.in/api/login
HTTP/1.1 400 Bad Request
{
    "error": "Missing password"
}
Request URI:	https://reqres.in/api/login
HTTP/1.1 415 Unsupported Media Type
<html lang="en">
  <head>
    <meta charset="utf-8"/>
    <title>Error</title>
  </head>
  <body>
    <pre>Unsupported Media Type</pre>
  </body>
</html>
]]></system-out>
  <system-err><![CDATA[]]></system-err>
</testsuite>
