<?xml version="1.0" encoding="UTF-8"?>
<testsuite name="test.RequestTest" tests="1" skipped="0" failures="0" errors="0" timestamp="2024-03-24T10:22:56" hostname="192.168.1.10" time="0.977">
  <properties/>
  <testcase name="unSuccessfulLoginWithMissingEmailTest()" classname="test.RequestTest" time="0.977"/>
  <system-out><![CDATA[Request URI:	https://reqres.in/api/login
HTTP/1.1 400 Bad Request
{
    "error": "Missing email or username"
}
]]></system-out>
  <system-err><![CDATA[]]></system-err>
</testsuite>
